<?xml version="1.0" encoding="UTF-8"?>
<!-- Generated by org.testng.reporters.JUnitXMLReporter -->
<testsuite ignored="0" hostname="LAPTOP-4UBCD2HL" failures="0" tests="6" name="Test_chrome" time="273.064" errors="0" timestamp="2025-04-07T14:29:01 IST">
  <testcase classname="organization.CreateOrganisationWithPhoneNumTest" name="createorganizationTest" time="78.85"/>
  <testcase classname="organization.createOrganizationWithIndustryAndTypeTest" name="createorgaWithIndustryTest" time="36.38"/>
  <testcase classname="organization.Create_ContactTest" name="Create_Contact_Test" time="36.145"/>
  <testcase classname="organization.CreateContactsWithOrgTest" name="CreateContact_OrgnameTest" time="53.03"/>
  <testcase classname="organization.CreateContactWithSupportDateTest" name="CreateContactTest" time="33.846"/>
  <testcase classname="organization.CreateOrganisationTest" name="CreateOrganizationTest" time="34.673"/>
</testsuite> <!-- Test_chrome -->
