<?xml version="1.0" encoding="UTF-8"?>
<!-- Generated by org.testng.reporters.JUnitXMLReporter -->
<testsuite ignored="8" hostname="LAPTOP-4UBCD2HL" failures="0" tests="2" name="Test" time="85.445" errors="0" timestamp="2025-04-19T15:07:18 IST">
  <testcase classname="organization.CreateOrgScenariosTest" name="CreateOrganizationTest" time="26.289"/>
  <testcase classname="organization.CreateContactScenariosTest" name="Create_Contact_Test" time="28.538"/>
  <testcase classname="Baseclass_Utility.Baseclass" name="@BeforeSuite beforeSuite" time="0.0">
    <ignored/>
  </testcase> <!-- @BeforeSuite beforeSuite -->
  <testcase classname="organization.CreateOrgScenariosTest" name="createorganizationTest" time="0.0">
    <ignored/>
  </testcase> <!-- createorganizationTest -->
  <testcase classname="organization.CreateContactScenariosTest" name="CreateContactTest" time="0.0">
    <ignored/>
  </testcase> <!-- CreateContactTest -->
  <testcase classname="Baseclass_Utility.Baseclass" name="@AfterTest afterTest" time="0.0">
    <ignored/>
  </testcase> <!-- @AfterTest afterTest -->
  <testcase classname="Baseclass_Utility.Baseclass" name="@AfterSuite afterSuite" time="0.0">
    <ignored/>
  </testcase> <!-- @AfterSuite afterSuite -->
  <testcase classname="Baseclass_Utility.Baseclass" name="@BeforeTest beforeTest" time="0.0">
    <ignored/>
  </testcase> <!-- @BeforeTest beforeTest -->
  <testcase classname="organization.CreateContactScenariosTest" name="CreateContact_OrgnameTest" time="0.0">
    <ignored/>
  </testcase> <!-- CreateContact_OrgnameTest -->
  <testcase classname="organization.CreateOrgScenariosTest" name="createorgaWithIndustryTest" time="0.0">
    <ignored/>
  </testcase> <!-- createorgaWithIndustryTest -->
</testsuite> <!-- Test -->
