<?xml version="1.0" encoding="UTF-8"?>
<!-- Generated by org.testng.reporters.JUnitXMLReporter -->
<testsuite ignored="0" hostname="LAPTOP-4UBCD2HL" failures="0" tests="2" name="Test1" time="105.232" errors="0" timestamp="2025-04-05T15:33:47 IST">
  <testcase classname="organization.CreateOrganisationWithPhoneNumTest" name="createorganizationTest" time="54.763"/>
  <testcase classname="organization.createOrganizationWithIndustryAndTypeTest" name="createorgaWithIndustryTest" time="50.387"/>
</testsuite> <!-- Test1 -->
