<?xml version="1.0" encoding="UTF-8"?>
<testng-results ignored="0" total="1" passed="1" failed="0" skipped="0">
  <reporter-output>
  </reporter-output>
  <suite started-at="2025-04-14T15:16:02 IST" name="Default suite" finished-at="2025-04-14T15:16:09 IST" duration-ms="6883">
    <groups>
    </groups>
    <test started-at="2025-04-14T15:16:02 IST" name="Default test" finished-at="2025-04-14T15:16:09 IST" duration-ms="6883">
      <class name="ExtentReports.UsingExtentReports">
        <test-method signature="demo()[pri:0, instance:ExtentReports.UsingExtentReports@644baf4a]" started-at="2025-04-14T15:16:02 IST" name="demo" finished-at="2025-04-14T15:16:09 IST" duration-ms="6814" status="PASS">
          <reporter-output>
          </reporter-output>
        </test-method> <!-- demo -->
      </class> <!-- ExtentReports.UsingExtentReports -->
    </test> <!-- Default test -->
  </suite> <!-- Default suite -->
</testng-results>
